c:\users\dbisig\programming\testing\zed\body_tracking_multi-camera_osc_v4.2\cpp\build\zed_bodyfusion.dir\release\main.obj
c:\users\dbisig\programming\testing\zed\body_tracking_multi-camera_osc_v4.2\cpp\build\zed_bodyfusion.dir\release\glviewer.obj
c:\users\dbisig\programming\testing\zed\body_tracking_multi-camera_osc_v4.2\cpp\build\zed_bodyfusion.dir\release\clientpublisher.obj
c:\users\dbisig\programming\testing\zed\body_tracking_multi-camera_osc_v4.2\cpp\build\zed_bodyfusion.dir\release\osctypes.obj
c:\users\dbisig\programming\testing\zed\body_tracking_multi-camera_osc_v4.2\cpp\build\zed_bodyfusion.dir\release\oscreceivedelements.obj
c:\users\dbisig\programming\testing\zed\body_tracking_multi-camera_osc_v4.2\cpp\build\zed_bodyfusion.dir\release\oscprintreceivedelements.obj
c:\users\dbisig\programming\testing\zed\body_tracking_multi-camera_osc_v4.2\cpp\build\zed_bodyfusion.dir\release\oscoutboundpacketstream.obj
c:\users\dbisig\programming\testing\zed\body_tracking_multi-camera_osc_v4.2\cpp\build\zed_bodyfusion.dir\release\udpsocket.obj
c:\users\dbisig\programming\testing\zed\body_tracking_multi-camera_osc_v4.2\cpp\build\zed_bodyfusion.dir\release\networkingutils.obj
c:\users\dbisig\programming\testing\zed\body_tracking_multi-camera_osc_v4.2\cpp\build\zed_bodyfusion.dir\release\ipendpointname.obj
c:\users\dbisig\programming\testing\zed\body_tracking_multi-camera_osc_v4.2\cpp\build\cmakefiles\generate.stamp
c:\users\dbisig\programming\testing\zed\body_tracking_multi-camera_osc_v4.2\cpp\build\release\zed_bodyfusion.exe
c:\users\dbisig\programming\testing\zed\body_tracking_multi-camera_osc_v4.2\cpp\build\zed_bodyfusion.dir\release\zed_bodyfusion.tlog\cl.command.1.tlog
c:\users\dbisig\programming\testing\zed\body_tracking_multi-camera_osc_v4.2\cpp\build\zed_bodyfusion.dir\release\zed_bodyfusion.tlog\cl.read.1.tlog
c:\users\dbisig\programming\testing\zed\body_tracking_multi-camera_osc_v4.2\cpp\build\zed_bodyfusion.dir\release\zed_bodyfusion.tlog\cl.write.1.tlog
c:\users\dbisig\programming\testing\zed\body_tracking_multi-camera_osc_v4.2\cpp\build\zed_bodyfusion.dir\release\zed_bodyfusion.tlog\custombuild.command.1.tlog
c:\users\dbisig\programming\testing\zed\body_tracking_multi-camera_osc_v4.2\cpp\build\zed_bodyfusion.dir\release\zed_bodyfusion.tlog\custombuild.read.1.tlog
c:\users\dbisig\programming\testing\zed\body_tracking_multi-camera_osc_v4.2\cpp\build\zed_bodyfusion.dir\release\zed_bodyfusion.tlog\custombuild.write.1.tlog
c:\users\dbisig\programming\testing\zed\body_tracking_multi-camera_osc_v4.2\cpp\build\zed_bodyfusion.dir\release\zed_bodyfusion.tlog\link.command.1.tlog
c:\users\dbisig\programming\testing\zed\body_tracking_multi-camera_osc_v4.2\cpp\build\zed_bodyfusion.dir\release\zed_bodyfusion.tlog\link.read.1.tlog
c:\users\dbisig\programming\testing\zed\body_tracking_multi-camera_osc_v4.2\cpp\build\zed_bodyfusion.dir\release\zed_bodyfusion.tlog\link.write.1.tlog
