  main.cpp
C:\Program Files (x86)\ZED SDK\include\sl/Camera.hpp(7798,16): warning C4251: 'sl::InitParameters::sdk_verbose_log_file': class 'sl::String' needs to have dll-interface to be used by clients of struct 'sl::InitParameters'
C:\Program Files (x86)\ZED SDK\include\sl/Camera.hpp(146,58): message : see declaration of 'sl::String'
C:\Program Files (x86)\ZED SDK\include\sl/Camera.hpp(7850,19): warning C4251: 'sl::InitParameters::input': class 'sl::InputType' needs to have dll-interface to be used by clients of struct 'sl::InitParameters'
C:\Program Files (x86)\ZED SDK\include\sl/Camera.hpp(861,26): message : see declaration of 'sl::InputType'
C:\Program Files (x86)\ZED SDK\include\sl/Camera.hpp(7872,16): warning C4251: 'sl::InitParameters::optional_settings_path': class 'sl::String' needs to have dll-interface to be used by clients of struct 'sl::InitParameters'
C:\Program Files (x86)\ZED SDK\include\sl/Camera.hpp(146,58): message : see declaration of 'sl::String'
C:\Program Files (x86)\ZED SDK\include\sl/Camera.hpp(7883,16): warning C4251: 'sl::InitParameters::optional_opencv_calibration_file': class 'sl::String' needs to have dll-interface to be used by clients of struct 'sl::InitParameters'
C:\Program Files (x86)\ZED SDK\include\sl/Camera.hpp(146,58): message : see declaration of 'sl::String'
C:\Program Files (x86)\ZED SDK\include\sl/Camera.hpp(8212,19): warning C4251: 'sl::PositionalTrackingParameters::initial_world_transform': class 'sl::Transform' needs to have dll-interface to be used by clients of struct 'sl::PositionalTrackingParameters'
C:\Program Files (x86)\ZED SDK\include\sl/Camera.hpp(3527,60): message : see declaration of 'sl::Transform'
C:\Program Files (x86)\ZED SDK\include\sl/Camera.hpp(8253,16): warning C4251: 'sl::PositionalTrackingParameters::area_file_path': class 'sl::String' needs to have dll-interface to be used by clients of struct 'sl::PositionalTrackingParameters'
C:\Program Files (x86)\ZED SDK\include\sl/Camera.hpp(146,58): message : see declaration of 'sl::String'
C:\Program Files (x86)\ZED SDK\include\sl/Camera.hpp(8499,31): warning C4251: 'sl::SpatialMappingParameters::allowed_resolution': struct 'std::pair<float,float>' needs to have dll-interface to be used by clients of struct 'sl::SpatialMappingParameters'
C:\Program Files (x86)\ZED SDK\include\sl/Camera.hpp(8385,22): message : see declaration of 'std::pair<float,float>'
C:\Program Files (x86)\ZED SDK\include\sl/Camera.hpp(8515,31): warning C4251: 'sl::SpatialMappingParameters::allowed_range': struct 'std::pair<float,float>' needs to have dll-interface to be used by clients of struct 'sl::SpatialMappingParameters'
C:\Program Files (x86)\ZED SDK\include\sl/Camera.hpp(8385,22): message : see declaration of 'std::pair<float,float>'
C:\Program Files (x86)\ZED SDK\include\sl/Camera.hpp(8568): warning C4305: 'initializing': truncation from 'double' to 'float'
C:\Program Files (x86)\ZED SDK\include\sl/Camera.hpp(8788,16): warning C4251: 'sl::RecordingParameters::video_filename': class 'sl::String' needs to have dll-interface to be used by clients of struct 'sl::RecordingParameters'
C:\Program Files (x86)\ZED SDK\include\sl/Camera.hpp(146,58): message : see declaration of 'sl::String'
C:\Program Files (x86)\ZED SDK\include\sl/Camera.hpp(9017,20): warning C4251: 'sl::ObjectDetectionParameters::fused_objects_group_name': class 'sl::String' needs to have dll-interface to be used by clients of struct 'sl::ObjectDetectionParameters'
C:\Program Files (x86)\ZED SDK\include\sl/Camera.hpp(146,58): message : see declaration of 'sl::String'
C:\Program Files (x86)\ZED SDK\include\sl/Camera.hpp(9032,20): warning C4251: 'sl::ObjectDetectionParameters::custom_onnx_file': class 'sl::String' needs to have dll-interface to be used by clients of struct 'sl::ObjectDetectionParameters'
C:\Program Files (x86)\ZED SDK\include\sl/Camera.hpp(146,58): message : see declaration of 'sl::String'
C:\Program Files (x86)\ZED SDK\include\sl/Camera.hpp(9042,24): warning C4251: 'sl::ObjectDetectionParameters::custom_onnx_dynamic_input_shape': struct 'sl::Resolution' needs to have dll-interface to be used by clients of struct 'sl::ObjectDetectionParameters'
C:\Program Files (x86)\ZED SDK\include\sl/Camera.hpp(262,61): message : see declaration of 'sl::Resolution'
C:\Program Files (x86)\ZED SDK\include\sl/Camera.hpp(9198,35): warning C4251: 'sl::ObjectDetectionRuntimeParameters::object_class_filter': class 'std::vector<sl::OBJECT_CLASS,std::allocator<sl::OBJECT_CLASS>>' needs to have dll-interface to be used by clients of struct 'sl::ObjectDetectionRuntimeParameters'
C:\Program Files (x86)\ZED SDK\include\sl/Camera.hpp(9198,14): message : see declaration of 'std::vector<sl::OBJECT_CLASS,std::allocator<sl::OBJECT_CLASS>>'
C:\Program Files (x86)\ZED SDK\include\sl/Camera.hpp(9204,39): warning C4251: 'sl::ObjectDetectionRuntimeParameters::object_class_detection_confidence_threshold': class 'std::map<sl::OBJECT_CLASS,float,std::less<sl::OBJECT_CLASS>,std::allocator<std::pair<const sl::OBJECT_CLASS,float>>>' needs to have dll-interface to be used by clients of struct 'sl::ObjectDetectionRuntimeParameters'
C:\Program Files (x86)\ZED SDK\include\sl/Camera.hpp(9204,14): message : see declaration of 'std::map<sl::OBJECT_CLASS,float,std::less<sl::OBJECT_CLASS>,std::allocator<std::pair<const sl::OBJECT_CLASS,float>>>'
C:\Program Files (x86)\ZED SDK\include\sl/Camera.hpp(9432,81): warning C4251: 'sl::CustomObjectDetectionRuntimeParameters::object_class_detection_properties': class 'std::unordered_map<int,sl::CustomObjectDetectionProperties,std::hash<int>,std::equal_to<int>,std::allocator<std::pair<const int,sl::CustomObjectDetectionProperties>>>' needs to have dll-interface to be used by clients of struct 'sl::CustomObjectDetectionRuntimeParameters'
C:\Program Files (x86)\ZED SDK\include\sl/Camera.hpp(9432,14): message : see declaration of 'std::unordered_map<int,sl::CustomObjectDetectionProperties,std::hash<int>,std::equal_to<int>,std::allocator<std::pair<const int,sl::CustomObjectDetectionProperties>>>'
C:\Program Files (x86)\ZED SDK\include\sl/Camera.hpp(9786,36): warning C4251: 'sl::RegionOfInterestParameters::auto_apply_module': class 'std::unordered_set<sl::MODULE,std::hash<sl::MODULE>,std::equal_to<sl::MODULE>,std::allocator<sl::MODULE>>' needs to have dll-interface to be used by clients of struct 'sl::RegionOfInterestParameters'
C:\Program Files (x86)\ZED SDK\include\sl/Camera.hpp(9786,14): message : see declaration of 'std::unordered_set<sl::MODULE,std::hash<sl::MODULE>,std::equal_to<sl::MODULE>,std::allocator<sl::MODULE>>'
C:\Program Files (x86)\ZED SDK\include\sl/Fusion.hpp(785): warning C4305: 'initializing': truncation from 'double' to 'float'
C:\Program Files (x86)\ZED SDK\include\sl/Fusion.hpp(796): warning C4305: 'initializing': truncation from 'double' to 'float'
C:\Program Files (x86)\ZED SDK\include\sl/Fusion.hpp(1020): warning C4305: 'initializing': truncation from 'double' to 'float'
C:\Users\dbisig\Programming\testing\ZED\fbx_export_multi-camera_v4.2\cpp\include\ClientPublisher.hpp(18,1): warning C4267: 'initializing': conversion from 'size_t' to 'int', possible loss of data
C:\Users\dbisig\Programming\testing\ZED\fbx_export_multi-camera_v4.2\cpp\include\ClientPublisher.hpp(18,1): warning C4267: 'initializing': conversion from 'size_t' to 'const int', possible loss of data
C:\Users\dbisig\Programming\testing\ZED\fbx_export_multi-camera_v4.2\cpp\src\main.cpp(146,37): warning C4244: 'argument': conversion from 'T' to 'float', possible loss of data
          with
          [
              T=fbxsdk::FbxDouble
          ]
C:\Users\dbisig\Programming\testing\ZED\fbx_export_multi-camera_v4.2\cpp\src\main.cpp(296,87): warning C4244: '=': conversion from 'double' to 'int', possible loss of data
C:\Users\dbisig\Programming\testing\ZED\fbx_export_multi-camera_v4.2\cpp\src\main.cpp(333,44): warning C4244: 'argument': conversion from 'uint64_t' to 'int', possible loss of data
C:\Users\dbisig\Programming\testing\ZED\fbx_export_multi-camera_v4.2\cpp\src\main.cpp(339,43): warning C4244: 'argument': conversion from 'uint64_t' to 'int', possible loss of data
  ZED_BodyFusion.vcxproj -> C:\Users\dbisig\Programming\testing\ZED\fbx_export_multi-camera_v4.2\cpp\build\Release\ZED_BodyFusion.exe
